android/app/build/intermediates/manifest_merge_blame_file/debug/manifest-merger-blame-debug-report.txt
1<?xml version="1.0" encoding="utf-8"?>
2<manifest xmlns:android="http://schemas.android.com/apk/res/android"
3    package="com.ardxreactnativeboilerplate"
4    android:versionCode="1"
5    android:versionName="1.0" >
6
7    <uses-sdk
8        android:minSdkVersion="23"
9        android:targetSdkVersion="31" />
10
11    <uses-permission android:name="android.permission.SYSTEM_ALERT_WINDOW" />
11-->src\debug\AndroidManifest.xml:5:5-77
11-->src\debug\AndroidManifest.xml:5:22-75
12    <uses-permission android:name="android.permission.INTERNET" />
12-->src\main\AndroidManifest.xml:4:5-67
12-->src\main\AndroidManifest.xml:4:22-64
13    <uses-permission android:name="android.permission.WRITE_CONTACTS" />
13-->src\main\AndroidManifest.xml:5:5-73
13-->src\main\AndroidManifest.xml:5:22-70
14    <uses-permission android:name="android.permission.READ_PROFILE" />
14-->src\main\AndroidManifest.xml:6:5-71
14-->src\main\AndroidManifest.xml:6:22-68
15    <uses-permission android:name="android.permission.READ_CONTACTS" />
15-->src\main\AndroidManifest.xml:7:5-72
15-->src\main\AndroidManifest.xml:7:22-69
16    <uses-permission android:name="android.permission.ACCESS_WIFI_STATE" />
16-->[com.facebook.flipper:flipper:0.125.0] AndroidManifest.xml:16:5-76
16-->[com.facebook.flipper:flipper:0.125.0] AndroidManifest.xml:16:22-73
17
18    <application
18-->src\main\AndroidManifest.xml:9:5-28:19
19        android:name="com.ardxreactnativeboilerplate.MainApplication"
19-->src\main\AndroidManifest.xml:10:7-38
20        android:allowBackup="false"
20-->src\main\AndroidManifest.xml:14:7-34
21        android:appComponentFactory="androidx.core.app.CoreComponentFactory"
21-->[androidx.core:core:1.6.0] AndroidManifest.xml:24:18-86
22        android:debuggable="true"
23        android:extractNativeLibs="false"
24        android:icon="@mipmap/ic_launcher"
24-->src\main\AndroidManifest.xml:12:7-41
25        android:label="@string/app_name"
25-->src\main\AndroidManifest.xml:11:7-39
26        android:roundIcon="@mipmap/ic_launcher_round"
26-->src\main\AndroidManifest.xml:13:7-52
27        android:theme="@style/AppTheme"
27-->src\main\AndroidManifest.xml:15:7-38
28        android:usesCleartextTraffic="true" >
28-->src\debug\AndroidManifest.xml:8:9-44
29        <activity
29-->src\debug\AndroidManifest.xml:11:9-111
30            android:name="com.facebook.react.devsupport.DevSettingsActivity"
30-->src\debug\AndroidManifest.xml:11:19-83
31            android:exported="false" />
31-->src\debug\AndroidManifest.xml:11:84-108
32        <activity
32-->src\main\AndroidManifest.xml:16:7-27:18
33            android:name="com.ardxreactnativeboilerplate.MainActivity"
33-->src\main\AndroidManifest.xml:17:9-37
34            android:configChanges="keyboard|keyboardHidden|orientation|screenLayout|screenSize|smallestScreenSize|uiMode"
34-->src\main\AndroidManifest.xml:19:9-118
35            android:exported="true"
35-->src\main\AndroidManifest.xml:22:9-32
36            android:label="@string/app_name"
36-->src\main\AndroidManifest.xml:18:9-41
37            android:launchMode="singleTask"
37-->src\main\AndroidManifest.xml:20:9-40
38            android:windowSoftInputMode="stateAlwaysHidden|adjustPan" >
38-->src\main\AndroidManifest.xml:21:9-66
39            <intent-filter>
39-->src\main\AndroidManifest.xml:23:9-26:25
40                <action android:name="android.intent.action.MAIN" />
40-->src\main\AndroidManifest.xml:24:13-65
40-->src\main\AndroidManifest.xml:24:21-62
41
42                <category android:name="android.intent.category.LAUNCHER" />
42-->src\main\AndroidManifest.xml:25:13-73
42-->src\main\AndroidManifest.xml:25:23-70
43            </intent-filter>
44        </activity>
45    </application>
46
47</manifest>